<?xml version="1.0" encoding="UTF-8"?>
<!-- Generated by org.testng.reporters.JUnitReportReporter -->
<testsuite skipped="0" hostname="LAPTOP-VKP1LGUE" name="com.rest.tests.RequestResponseBuilderTest" tests="5" failures="0" timestamp="2021-07-25T14:26:52 IST" time="9.356" errors="0">
  <testcase name="sendJSONObjectAsMap" time="1.913" classname="com.rest.tests.RequestResponseBuilderTest"/>
  <system-out/>
  <testcase name="validateJsonSchema" time="2.550" classname="com.rest.tests.RequestResponseBuilderTest"/>
  <system-out/>
  <testcase name="sendPayloadAsFile" time="1.628" classname="com.rest.tests.RequestResponseBuilderTest"/>
  <system-out/>
  <testcase name="authToken" time="1.670" classname="com.rest.tests.RequestResponseBuilderTest"/>
  <system-out/>
  <testcase name="getBookingIds" time="1.595" classname="com.rest.tests.RequestResponseBuilderTest"/>
  <system-out/>
</testsuite> <!-- com.rest.tests.RequestResponseBuilderTest -->
